{"/home/logic/habit_tracker/rest_api/env.ts": {"path":"/home/logic/habit_tracker/rest_api/env.ts","statementMap":{"0":{"start":{"line":5,"column":0},"end":{"line":5,"column":null}},"1":{"start":{"line":6,"column":21},"end":{"line":6,"column":null}},"2":{"start":{"line":7,"column":18},"end":{"line":7,"column":null}},"3":{"start":{"line":8,"column":22},"end":{"line":8,"column":null}},"4":{"start":{"line":10,"column":0},"end":{"line":14,"column":null}},"5":{"start":{"line":11,"column":3},"end":{"line":11,"column":null}},"6":{"start":{"line":12,"column":0},"end":{"line":14,"column":null}},"7":{"start":{"line":13,"column":4},"end":{"line":13,"column":null}},"8":{"start":{"line":18,"column":18},"end":{"line":27,"column":null}},"9":{"start":{"line":34,"column":0},"end":{"line":54,"column":null}},"10":{"start":{"line":36,"column":4},"end":{"line":36,"column":null}},"11":{"start":{"line":39,"column":4},"end":{"line":51,"column":null}},"12":{"start":{"line":40,"column":8},"end":{"line":40,"column":null}},"13":{"start":{"line":41,"column":8},"end":{"line":41,"column":null}},"14":{"start":{"line":44,"column":8},"end":{"line":48,"column":null}},"15":{"start":{"line":45,"column":25},"end":{"line":45,"column":null}},"16":{"start":{"line":47,"column":12},"end":{"line":47,"column":null}},"17":{"start":{"line":50,"column":4},"end":{"line":50,"column":null}},"18":{"start":{"line":53,"column":4},"end":{"line":53,"column":null}},"19":{"start":{"line":58,"column":22},"end":{"line":58,"column":null}},"20":{"start":{"line":58,"column":28},"end":{"line":58,"column":null}},"21":{"start":{"line":59,"column":21},"end":{"line":59,"column":null}},"22":{"start":{"line":59,"column":27},"end":{"line":59,"column":null}},"23":{"start":{"line":60,"column":22},"end":{"line":60,"column":null}},"24":{"start":{"line":60,"column":28},"end":{"line":60,"column":null}}},"fnMap":{"0":{"name":"(anonymous_0)","decl":{"start":{"line":44,"column":25},"end":{"line":44,"column":32}},"loc":{"start":{"line":44,"column":32},"end":{"line":48,"column":9}},"line":44},"1":{"name":"(anonymous_1)","decl":{"start":{"line":58,"column":22},"end":{"line":58,"column":28}},"loc":{"start":{"line":58,"column":28},"end":{"line":58,"column":null}},"line":58},"2":{"name":"(anonymous_2)","decl":{"start":{"line":59,"column":21},"end":{"line":59,"column":27}},"loc":{"start":{"line":59,"column":27},"end":{"line":59,"column":null}},"line":59},"3":{"name":"(anonymous_3)","decl":{"start":{"line":60,"column":22},"end":{"line":60,"column":28}},"loc":{"start":{"line":60,"column":28},"end":{"line":60,"column":null}},"line":60}},"branchMap":{"0":{"loc":{"start":{"line":5,"column":24},"end":{"line":5,"column":null}},"type":"binary-expr","locations":[{"start":{"line":5,"column":24},"end":{"line":5,"column":49}},{"start":{"line":5,"column":49},"end":{"line":5,"column":null}}],"line":5},"1":{"loc":{"start":{"line":10,"column":0},"end":{"line":14,"column":null}},"type":"if","locations":[{"start":{"line":10,"column":0},"end":{"line":14,"column":null}},{"start":{"line":12,"column":0},"end":{"line":14,"column":null}}],"line":10},"2":{"loc":{"start":{"line":12,"column":0},"end":{"line":14,"column":null}},"type":"if","locations":[{"start":{"line":12,"column":0},"end":{"line":14,"column":null}},{"start":{},"end":{}}],"line":12},"3":{"loc":{"start":{"line":39,"column":4},"end":{"line":51,"column":null}},"type":"if","locations":[{"start":{"line":39,"column":4},"end":{"line":51,"column":null}},{"start":{},"end":{}}],"line":39}},"s":{"0":1,"1":1,"2":1,"3":1,"4":1,"5":1,"6":0,"7":0,"8":1,"9":1,"10":1,"11":0,"12":0,"13":0,"14":0,"15":0,"16":0,"17":0,"18":0,"19":1,"20":0,"21":1,"22":0,"23":1,"24":1},"f":{"0":0,"1":0,"2":0,"3":1},"b":{"0":[1,0],"1":[1,0],"2":[0,0],"3":[0,0]},"meta":{"lastBranch":4,"lastFunction":4,"lastStatement":25,"seen":{"s:5:0:5:Infinity":0,"b:5:24:5:49:5:49:5:Infinity":0,"s:6:21:6:Infinity":1,"s:7:18:7:Infinity":2,"s:8:22:8:Infinity":3,"b:10:0:14:Infinity:12:0:14:Infinity":1,"s:10:0:14:Infinity":4,"s:11:3:11:Infinity":5,"b:12:0:14:Infinity:undefined:undefined:undefined:undefined":2,"s:12:0:14:Infinity":6,"s:13:4:13:Infinity":7,"s:18:18:27:Infinity":8,"s:34:0:54:Infinity":9,"s:36:4:36:Infinity":10,"b:39:4:51:Infinity:undefined:undefined:undefined:undefined":3,"s:39:4:51:Infinity":11,"s:40:8:40:Infinity":12,"s:41:8:41:Infinity":13,"s:44:8:48:Infinity":14,"f:44:25:44:32":0,"s:45:25:45:Infinity":15,"s:47:12:47:Infinity":16,"s:50:4:50:Infinity":17,"s:53:4:53:Infinity":18,"s:58:22:58:Infinity":19,"f:58:22:58:28":1,"s:58:28:58:Infinity":20,"s:59:21:59:Infinity":21,"f:59:21:59:27":2,"s:59:27:59:Infinity":22,"s:60:22:60:Infinity":23,"f:60:22:60:28":3,"s:60:28:60:Infinity":24}}}
,"/home/logic/habit_tracker/rest_api/src/server.ts": {"path":"/home/logic/habit_tracker/rest_api/src/server.ts","statementMap":{"0":{"start":{"line":13,"column":6},"end":{"line":13,"column":null}},"1":{"start":{"line":15,"column":0},"end":{"line":15,"column":null}},"2":{"start":{"line":16,"column":0},"end":{"line":16,"column":null}},"3":{"start":{"line":17,"column":0},"end":{"line":17,"column":null}},"4":{"start":{"line":18,"column":0},"end":{"line":18,"column":null}},"5":{"start":{"line":19,"column":0},"end":{"line":19,"column":null}},"6":{"start":{"line":21,"column":0},"end":{"line":27,"column":null}},"7":{"start":{"line":22,"column":4},"end":{"line":26,"column":null}},"8":{"start":{"line":30,"column":0},"end":{"line":30,"column":null}},"9":{"start":{"line":32,"column":0},"end":{"line":32,"column":null}},"10":{"start":{"line":34,"column":0},"end":{"line":34,"column":null}},"11":{"start":{"line":37,"column":0},"end":{"line":37,"column":null}},"12":{"start":{"line":38,"column":0},"end":{"line":38,"column":null}}},"fnMap":{"0":{"name":"(anonymous_0)","decl":{"start":{"line":21,"column":19},"end":{"line":21,"column":20}},"loc":{"start":{"line":21,"column":33},"end":{"line":27,"column":1}},"line":21}},"branchMap":{},"s":{"0":1,"1":1,"2":1,"3":1,"4":1,"5":1,"6":1,"7":0,"8":1,"9":1,"10":1,"11":1,"12":1},"f":{"0":0},"b":{},"meta":{"lastBranch":0,"lastFunction":1,"lastStatement":13,"seen":{"s:13:6:13:Infinity":0,"s:15:0:15:Infinity":1,"s:16:0:16:Infinity":2,"s:17:0:17:Infinity":3,"s:18:0:18:Infinity":4,"s:19:0:19:Infinity":5,"s:21:0:27:Infinity":6,"f:21:19:21:20":0,"s:22:4:26:Infinity":7,"s:30:0:30:Infinity":8,"s:32:0:32:Infinity":9,"s:34:0:34:Infinity":10,"s:37:0:37:Infinity":11,"s:38:0:38:Infinity":12}}}
,"/home/logic/habit_tracker/rest_api/src/config/prisma.ts": {"path":"/home/logic/habit_tracker/rest_api/src/config/prisma.ts","statementMap":{"0":{"start":{"line":6,"column":25},"end":{"line":6,"column":null}},"1":{"start":{"line":8,"column":16},"end":{"line":8,"column":null}},"2":{"start":{"line":9,"column":15},"end":{"line":9,"column":null}}},"fnMap":{},"branchMap":{},"s":{"0":1,"1":1,"2":1},"f":{},"b":{},"meta":{"lastBranch":0,"lastFunction":0,"lastStatement":3,"seen":{"s:6:25:6:Infinity":0,"s:8:16:8:Infinity":1,"s:9:15:9:Infinity":2}}}
,"/home/logic/habit_tracker/rest_api/src/config/generated/prisma/client.ts": {"path":"/home/logic/habit_tracker/rest_api/src/config/generated/prisma/client.ts","statementMap":{"0":{"start":{"line":16,"column":0},"end":{"line":16,"column":null}},"1":{"start":{"line":38,"column":28},"end":{"line":38,"column":null}}},"fnMap":{},"branchMap":{},"s":{"0":1,"1":1},"f":{},"b":{},"meta":{"lastBranch":0,"lastFunction":0,"lastStatement":2,"seen":{"s:16:0:16:Infinity":0,"s:38:28:38:Infinity":1}}}
,"/home/logic/habit_tracker/rest_api/src/config/generated/prisma/enums.ts": {"path":"/home/logic/habit_tracker/rest_api/src/config/generated/prisma/enums.ts","statementMap":{"0":{"start":{"line":12,"column":21},"end":{"line":18,"column":null}},"1":{"start":{"line":23,"column":25},"end":{"line":28,"column":null}}},"fnMap":{},"branchMap":{},"s":{"0":1,"1":1},"f":{},"b":{},"meta":{"lastBranch":0,"lastFunction":0,"lastStatement":2,"seen":{"s:12:21:18:Infinity":0,"s:23:25:28:Infinity":1}}}
,"/home/logic/habit_tracker/rest_api/src/config/generated/prisma/internal/class.ts": {"path":"/home/logic/habit_tracker/rest_api/src/config/generated/prisma/internal/class.ts","statementMap":{"0":{"start":{"line":18,"column":46},"end":{"line":29,"column":null}},"1":{"start":{"line":31,"column":0},"end":{"line":31,"column":null}},"2":{"start":{"line":34,"column":21},"end":{"line":34,"column":null}},"3":{"start":{"line":35,"column":20},"end":{"line":35,"column":null}},"4":{"start":{"line":36,"column":2},"end":{"line":36,"column":null}},"5":{"start":{"line":39,"column":0},"end":{"line":48,"column":null}},"6":{"start":{"line":40,"column":26},"end":{"line":40,"column":null}},"7":{"start":{"line":43,"column":21},"end":{"line":43,"column":null}},"8":{"start":{"line":44,"column":4},"end":{"line":44,"column":null}},"9":{"start":{"line":221,"column":2},"end":{"line":221,"column":null}}},"fnMap":{"0":{"name":"decodeBase64AsWasm","decl":{"start":{"line":33,"column":15},"end":{"line":33,"column":34}},"loc":{"start":{"line":33,"column":83},"end":{"line":37,"column":null}},"line":33},"1":{"name":"(anonymous_1)","decl":{"start":{"line":40,"column":14},"end":{"line":40,"column":26}},"loc":{"start":{"line":40,"column":26},"end":{"line":40,"column":null}},"line":40},"2":{"name":"(anonymous_2)","decl":{"start":{"line":42,"column":30},"end":{"line":42,"column":42}},"loc":{"start":{"line":42,"column":42},"end":{"line":45,"column":null}},"line":42},"3":{"name":"getPrismaClientClass","decl":{"start":{"line":220,"column":16},"end":{"line":220,"column":64}},"loc":{"start":{"line":220,"column":64},"end":{"line":222,"column":null}},"line":220}},"branchMap":{},"s":{"0":1,"1":1,"2":1,"3":1,"4":1,"5":1,"6":1,"7":1,"8":1,"9":1},"f":{"0":1,"1":1,"2":1,"3":1},"b":{},"meta":{"lastBranch":0,"lastFunction":4,"lastStatement":10,"seen":{"s:18:46:29:Infinity":0,"s:31:0:31:Infinity":1,"f:33:15:33:34":0,"s:34:21:34:Infinity":2,"s:35:20:35:Infinity":3,"s:36:2:36:Infinity":4,"s:39:0:48:Infinity":5,"f:40:14:40:26":1,"s:40:26:40:Infinity":6,"f:42:30:42:42":2,"s:43:21:43:Infinity":7,"s:44:4:44:Infinity":8,"f:220:16:220:64":3,"s:221:2:221:Infinity":9}}}
,"/home/logic/habit_tracker/rest_api/src/config/generated/prisma/internal/prismaNamespace.ts": {"path":"/home/logic/habit_tracker/rest_api/src/config/generated/prisma/internal/prismaNamespace.ts","statementMap":{"0":{"start":{"line":32,"column":45},"end":{"line":32,"column":null}},"1":{"start":{"line":35,"column":47},"end":{"line":35,"column":null}},"2":{"start":{"line":38,"column":42},"end":{"line":38,"column":null}},"3":{"start":{"line":41,"column":47},"end":{"line":41,"column":null}},"4":{"start":{"line":44,"column":43},"end":{"line":44,"column":null}},"5":{"start":{"line":50,"column":19},"end":{"line":50,"column":null}},"6":{"start":{"line":51,"column":21},"end":{"line":51,"column":null}},"7":{"start":{"line":52,"column":20},"end":{"line":52,"column":null}},"8":{"start":{"line":53,"column":19},"end":{"line":53,"column":null}},"9":{"start":{"line":54,"column":19},"end":{"line":54,"column":null}},"10":{"start":{"line":62,"column":23},"end":{"line":62,"column":null}},"11":{"start":{"line":71,"column":35},"end":{"line":71,"column":null}},"12":{"start":{"line":86,"column":44},"end":{"line":89,"column":null}},"13":{"start":{"line":104,"column":25},"end":{"line":108,"column":null}},"14":{"start":{"line":114,"column":22},"end":{"line":114,"column":null}},"15":{"start":{"line":121,"column":24},"end":{"line":121,"column":null}},"16":{"start":{"line":128,"column":23},"end":{"line":128,"column":null}},"17":{"start":{"line":386,"column":25},"end":{"line":391,"column":null}},"18":{"start":{"line":735,"column":41},"end":{"line":740,"column":null}},"19":{"start":{"line":745,"column":35},"end":{"line":755,"column":null}},"20":{"start":{"line":760,"column":34},"end":{"line":766,"column":null}},"21":{"start":{"line":771,"column":36},"end":{"line":786,"column":null}},"22":{"start":{"line":791,"column":35},"end":{"line":798,"column":null}},"23":{"start":{"line":803,"column":25},"end":{"line":806,"column":null}},"24":{"start":{"line":811,"column":25},"end":{"line":814,"column":null}},"25":{"start":{"line":819,"column":26},"end":{"line":822,"column":null}},"26":{"start":{"line":930,"column":31},"end":{"line":930,"column":null}}},"fnMap":{},"branchMap":{},"s":{"0":1,"1":1,"2":1,"3":1,"4":1,"5":1,"6":1,"7":1,"8":1,"9":1,"10":1,"11":1,"12":1,"13":1,"14":1,"15":1,"16":1,"17":1,"18":1,"19":1,"20":1,"21":1,"22":1,"23":1,"24":1,"25":1,"26":1},"f":{},"b":{},"meta":{"lastBranch":0,"lastFunction":0,"lastStatement":27,"seen":{"s:32:45:32:Infinity":0,"s:35:47:35:Infinity":1,"s:38:42:38:Infinity":2,"s:41:47:41:Infinity":3,"s:44:43:44:Infinity":4,"s:50:19:50:Infinity":5,"s:51:21:51:Infinity":6,"s:52:20:52:Infinity":7,"s:53:19:53:Infinity":8,"s:54:19:54:Infinity":9,"s:62:23:62:Infinity":10,"s:71:35:71:Infinity":11,"s:86:44:89:Infinity":12,"s:104:25:108:Infinity":13,"s:114:22:114:Infinity":14,"s:121:24:121:Infinity":15,"s:128:23:128:Infinity":16,"s:386:25:391:Infinity":17,"s:735:41:740:Infinity":18,"s:745:35:755:Infinity":19,"s:760:34:766:Infinity":20,"s:771:36:786:Infinity":21,"s:791:35:798:Infinity":22,"s:803:25:806:Infinity":23,"s:811:25:814:Infinity":24,"s:819:26:822:Infinity":25,"s:930:31:930:Infinity":26}}}
,"/home/logic/habit_tracker/rest_api/src/controllers/authController.ts": {"path":"/home/logic/habit_tracker/rest_api/src/controllers/authController.ts","statementMap":{"0":{"start":{"line":8,"column":4},"end":{"line":47,"column":null}},"1":{"start":{"line":9,"column":79},"end":{"line":9,"column":null}},"2":{"start":{"line":11,"column":29},"end":{"line":13,"column":null}},"3":{"start":{"line":14,"column":8},"end":{"line":16,"column":null}},"4":{"start":{"line":15,"column":11},"end":{"line":15,"column":null}},"5":{"start":{"line":18,"column":31},"end":{"line":18,"column":null}},"6":{"start":{"line":20,"column":24},"end":{"line":29,"column":null}},"7":{"start":{"line":30,"column":24},"end":{"line":30,"column":null}},"8":{"start":{"line":31,"column":21},"end":{"line":31,"column":null}},"9":{"start":{"line":33,"column":8},"end":{"line":43,"column":null}},"10":{"start":{"line":45,"column":8},"end":{"line":45,"column":null}},"11":{"start":{"line":46,"column":8},"end":{"line":46,"column":null}},"12":{"start":{"line":52,"column":4},"end":{"line":83,"column":null}},"13":{"start":{"line":53,"column":37},"end":{"line":53,"column":null}},"14":{"start":{"line":55,"column":21},"end":{"line":57,"column":null}},"15":{"start":{"line":58,"column":8},"end":{"line":60,"column":null}},"16":{"start":{"line":59,"column":12},"end":{"line":59,"column":null}},"17":{"start":{"line":62,"column":28},"end":{"line":62,"column":null}},"18":{"start":{"line":63,"column":8},"end":{"line":65,"column":null}},"19":{"start":{"line":64,"column":10},"end":{"line":64,"column":null}},"20":{"start":{"line":68,"column":22},"end":{"line":68,"column":null}},"21":{"start":{"line":69,"column":8},"end":{"line":79,"column":null}},"22":{"start":{"line":81,"column":8},"end":{"line":81,"column":null}},"23":{"start":{"line":82,"column":8},"end":{"line":82,"column":null}}},"fnMap":{"0":{"name":"signup","decl":{"start":{"line":7,"column":22},"end":{"line":7,"column":29}},"loc":{"start":{"line":7,"column":58},"end":{"line":48,"column":null}},"line":7},"1":{"name":"login","decl":{"start":{"line":51,"column":22},"end":{"line":51,"column":28}},"loc":{"start":{"line":51,"column":57},"end":{"line":84,"column":null}},"line":51}},"branchMap":{"0":{"loc":{"start":{"line":14,"column":8},"end":{"line":16,"column":null}},"type":"if","locations":[{"start":{"line":14,"column":8},"end":{"line":16,"column":null}},{"start":{},"end":{}}],"line":14},"1":{"loc":{"start":{"line":58,"column":8},"end":{"line":60,"column":null}},"type":"if","locations":[{"start":{"line":58,"column":8},"end":{"line":60,"column":null}},{"start":{},"end":{}}],"line":58},"2":{"loc":{"start":{"line":63,"column":8},"end":{"line":65,"column":null}},"type":"if","locations":[{"start":{"line":63,"column":8},"end":{"line":65,"column":null}},{"start":{},"end":{}}],"line":63}},"s":{"0":0,"1":0,"2":0,"3":0,"4":0,"5":0,"6":0,"7":0,"8":0,"9":0,"10":0,"11":0,"12":0,"13":0,"14":0,"15":0,"16":0,"17":0,"18":0,"19":0,"20":0,"21":0,"22":0,"23":0},"f":{"0":0,"1":0},"b":{"0":[0,0],"1":[0,0],"2":[0,0]},"meta":{"lastBranch":3,"lastFunction":2,"lastStatement":24,"seen":{"f:7:22:7:29":0,"s:8:4:47:Infinity":0,"s:9:79:9:Infinity":1,"s:11:29:13:Infinity":2,"b:14:8:16:Infinity:undefined:undefined:undefined:undefined":0,"s:14:8:16:Infinity":3,"s:15:11:15:Infinity":4,"s:18:31:18:Infinity":5,"s:20:24:29:Infinity":6,"s:30:24:30:Infinity":7,"s:31:21:31:Infinity":8,"s:33:8:43:Infinity":9,"s:45:8:45:Infinity":10,"s:46:8:46:Infinity":11,"f:51:22:51:28":1,"s:52:4:83:Infinity":12,"s:53:37:53:Infinity":13,"s:55:21:57:Infinity":14,"b:58:8:60:Infinity:undefined:undefined:undefined:undefined":1,"s:58:8:60:Infinity":15,"s:59:12:59:Infinity":16,"s:62:28:62:Infinity":17,"b:63:8:65:Infinity:undefined:undefined:undefined:undefined":2,"s:63:8:65:Infinity":18,"s:64:10:64:Infinity":19,"s:68:22:68:Infinity":20,"s:69:8:79:Infinity":21,"s:81:8:81:Infinity":22,"s:82:8:82:Infinity":23}}}
,"/home/logic/habit_tracker/rest_api/src/controllers/habitController.ts": {"path":"/home/logic/habit_tracker/rest_api/src/controllers/habitController.ts","statementMap":{"0":{"start":{"line":9,"column":4},"end":{"line":50,"column":null}},"1":{"start":{"line":10,"column":23},"end":{"line":10,"column":null}},"2":{"start":{"line":11,"column":76},"end":{"line":11,"column":null}},"3":{"start":{"line":14,"column":8},"end":{"line":25,"column":null}},"4":{"start":{"line":16,"column":16},"end":{"line":16,"column":null}},"5":{"start":{"line":18,"column":16},"end":{"line":18,"column":null}},"6":{"start":{"line":20,"column":16},"end":{"line":20,"column":null}},"7":{"start":{"line":22,"column":16},"end":{"line":22,"column":null}},"8":{"start":{"line":24,"column":16},"end":{"line":24,"column":null}},"9":{"start":{"line":26,"column":25},"end":{"line":36,"column":null}},"10":{"start":{"line":39,"column":8},"end":{"line":43,"column":null}},"11":{"start":{"line":46,"column":8},"end":{"line":49,"column":null}},"12":{"start":{"line":54,"column":4},"end":{"line":102,"column":null}},"13":{"start":{"line":55,"column":21},"end":{"line":55,"column":null}},"14":{"start":{"line":56,"column":22},"end":{"line":56,"column":null}},"15":{"start":{"line":57,"column":23},"end":{"line":57,"column":null}},"16":{"start":{"line":58,"column":28},"end":{"line":58,"column":null}},"17":{"start":{"line":59,"column":8},"end":{"line":61,"column":null}},"18":{"start":{"line":60,"column":12},"end":{"line":60,"column":null}},"19":{"start":{"line":62,"column":14},"end":{"line":62,"column":null}},"20":{"start":{"line":64,"column":23},"end":{"line":86,"column":null}},"21":{"start":{"line":89,"column":8},"end":{"line":96,"column":null}},"22":{"start":{"line":98,"column":8},"end":{"line":101,"column":null}},"23":{"start":{"line":106,"column":4},"end":{"line":143,"column":null}},"24":{"start":{"line":107,"column":23},"end":{"line":107,"column":null}},"25":{"start":{"line":108,"column":52},"end":{"line":108,"column":null}},"26":{"start":{"line":110,"column":8},"end":{"line":121,"column":null}},"27":{"start":{"line":112,"column":16},"end":{"line":112,"column":null}},"28":{"start":{"line":114,"column":16},"end":{"line":114,"column":null}},"29":{"start":{"line":116,"column":16},"end":{"line":116,"column":null}},"30":{"start":{"line":118,"column":16},"end":{"line":118,"column":null}},"31":{"start":{"line":120,"column":16},"end":{"line":120,"column":null}},"32":{"start":{"line":123,"column":29},"end":{"line":130,"column":null}},"33":{"start":{"line":132,"column":8},"end":{"line":136,"column":null}},"34":{"start":{"line":138,"column":8},"end":{"line":142,"column":null}},"35":{"start":{"line":147,"column":4},"end":{"line":162,"column":null}},"36":{"start":{"line":148,"column":24},"end":{"line":148,"column":null}},"37":{"start":{"line":149,"column":23},"end":{"line":149,"column":null}},"38":{"start":{"line":151,"column":29},"end":{"line":151,"column":null}},"39":{"start":{"line":153,"column":8},"end":{"line":156,"column":null}},"40":{"start":{"line":158,"column":8},"end":{"line":161,"column":null}}},"fnMap":{"0":{"name":"createHabit","decl":{"start":{"line":8,"column":22},"end":{"line":8,"column":34}},"loc":{"start":{"line":8,"column":63},"end":{"line":51,"column":null}},"line":8},"1":{"name":"getHabits","decl":{"start":{"line":53,"column":22},"end":{"line":53,"column":32}},"loc":{"start":{"line":53,"column":61},"end":{"line":103,"column":null}},"line":53},"2":{"name":"updateHabit","decl":{"start":{"line":105,"column":22},"end":{"line":105,"column":34}},"loc":{"start":{"line":105,"column":63},"end":{"line":144,"column":null}},"line":105},"3":{"name":"deleteHabit","decl":{"start":{"line":146,"column":22},"end":{"line":146,"column":34}},"loc":{"start":{"line":146,"column":63},"end":{"line":165,"column":null}},"line":146}},"branchMap":{"0":{"loc":{"start":{"line":14,"column":8},"end":{"line":25,"column":null}},"type":"switch","locations":[{"start":{"line":15,"column":12},"end":{"line":16,"column":null}},{"start":{"line":17,"column":12},"end":{"line":18,"column":null}},{"start":{"line":19,"column":12},"end":{"line":20,"column":null}},{"start":{"line":21,"column":12},"end":{"line":22,"column":null}},{"start":{"line":23,"column":12},"end":{"line":24,"column":null}}],"line":14},"1":{"loc":{"start":{"line":55,"column":21},"end":{"line":55,"column":null}},"type":"binary-expr","locations":[{"start":{"line":55,"column":21},"end":{"line":55,"column":49}},{"start":{"line":55,"column":49},"end":{"line":55,"column":null}}],"line":55},"2":{"loc":{"start":{"line":56,"column":22},"end":{"line":56,"column":null}},"type":"binary-expr","locations":[{"start":{"line":56,"column":22},"end":{"line":56,"column":51}},{"start":{"line":56,"column":51},"end":{"line":56,"column":null}}],"line":56},"3":{"loc":{"start":{"line":59,"column":8},"end":{"line":61,"column":null}},"type":"if","locations":[{"start":{"line":59,"column":8},"end":{"line":61,"column":null}},{"start":{},"end":{}}],"line":59},"4":{"loc":{"start":{"line":110,"column":8},"end":{"line":121,"column":null}},"type":"switch","locations":[{"start":{"line":111,"column":12},"end":{"line":112,"column":null}},{"start":{"line":113,"column":12},"end":{"line":114,"column":null}},{"start":{"line":115,"column":12},"end":{"line":116,"column":null}},{"start":{"line":117,"column":12},"end":{"line":118,"column":null}},{"start":{"line":119,"column":12},"end":{"line":120,"column":null}}],"line":110}},"s":{"0":1,"1":1,"2":1,"3":1,"4":0,"5":0,"6":0,"7":0,"8":1,"9":1,"10":1,"11":0,"12":1,"13":1,"14":1,"15":1,"16":1,"17":1,"18":0,"19":1,"20":1,"21":1,"22":0,"23":1,"24":1,"25":1,"26":1,"27":0,"28":0,"29":0,"30":0,"31":1,"32":1,"33":1,"34":0,"35":1,"36":1,"37":1,"38":1,"39":1,"40":0},"f":{"0":1,"1":1,"2":1,"3":1},"b":{"0":[0,0,0,0,1],"1":[1,0],"2":[1,0],"3":[0,1],"4":[0,0,0,0,1]},"meta":{"lastBranch":5,"lastFunction":4,"lastStatement":41,"seen":{"f:8:22:8:34":0,"s:9:4:50:Infinity":0,"s:10:23:10:Infinity":1,"s:11:76:11:Infinity":2,"b:15:12:16:Infinity:17:12:18:Infinity:19:12:20:Infinity:21:12:22:Infinity:23:12:24:Infinity":0,"s:14:8:25:Infinity":3,"s:16:16:16:Infinity":4,"s:18:16:18:Infinity":5,"s:20:16:20:Infinity":6,"s:22:16:22:Infinity":7,"s:24:16:24:Infinity":8,"s:26:25:36:Infinity":9,"s:39:8:43:Infinity":10,"s:46:8:49:Infinity":11,"f:53:22:53:32":1,"s:54:4:102:Infinity":12,"s:55:21:55:Infinity":13,"b:55:21:55:49:55:49:55:Infinity":1,"s:56:22:56:Infinity":14,"b:56:22:56:51:56:51:56:Infinity":2,"s:57:23:57:Infinity":15,"s:58:28:58:Infinity":16,"b:59:8:61:Infinity:undefined:undefined:undefined:undefined":3,"s:59:8:61:Infinity":17,"s:60:12:60:Infinity":18,"s:62:14:62:Infinity":19,"s:64:23:86:Infinity":20,"s:89:8:96:Infinity":21,"s:98:8:101:Infinity":22,"f:105:22:105:34":2,"s:106:4:143:Infinity":23,"s:107:23:107:Infinity":24,"s:108:52:108:Infinity":25,"b:111:12:112:Infinity:113:12:114:Infinity:115:12:116:Infinity:117:12:118:Infinity:119:12:120:Infinity":4,"s:110:8:121:Infinity":26,"s:112:16:112:Infinity":27,"s:114:16:114:Infinity":28,"s:116:16:116:Infinity":29,"s:118:16:118:Infinity":30,"s:120:16:120:Infinity":31,"s:123:29:130:Infinity":32,"s:132:8:136:Infinity":33,"s:138:8:142:Infinity":34,"f:146:22:146:34":3,"s:147:4:162:Infinity":35,"s:148:24:148:Infinity":36,"s:149:23:149:Infinity":37,"s:151:29:151:Infinity":38,"s:153:8:156:Infinity":39,"s:158:8:161:Infinity":40}}}
,"/home/logic/habit_tracker/rest_api/src/controllers/tagController.ts": {"path":"/home/logic/habit_tracker/rest_api/src/controllers/tagController.ts","statementMap":{"0":{"start":{"line":5,"column":4},"end":{"line":42,"column":null}},"1":{"start":{"line":6,"column":21},"end":{"line":6,"column":null}},"2":{"start":{"line":7,"column":22},"end":{"line":7,"column":null}},"3":{"start":{"line":8,"column":23},"end":{"line":8,"column":null}},"4":{"start":{"line":9,"column":26},"end":{"line":9,"column":null}},"5":{"start":{"line":10,"column":8},"end":{"line":12,"column":null}},"6":{"start":{"line":11,"column":12},"end":{"line":11,"column":null}},"7":{"start":{"line":13,"column":14},"end":{"line":13,"column":null}},"8":{"start":{"line":14,"column":21},"end":{"line":26,"column":null}},"9":{"start":{"line":29,"column":8},"end":{"line":36,"column":null}},"10":{"start":{"line":38,"column":8},"end":{"line":41,"column":null}},"11":{"start":{"line":46,"column":4},"end":{"line":75,"column":null}},"12":{"start":{"line":47,"column":23},"end":{"line":47,"column":null}},"13":{"start":{"line":48,"column":32},"end":{"line":48,"column":null}},"14":{"start":{"line":49,"column":28},"end":{"line":51,"column":null}},"15":{"start":{"line":52,"column":8},"end":{"line":54,"column":null}},"16":{"start":{"line":53,"column":12},"end":{"line":53,"column":null}},"17":{"start":{"line":55,"column":23},"end":{"line":61,"column":null}},"18":{"start":{"line":63,"column":8},"end":{"line":67,"column":null}},"19":{"start":{"line":69,"column":8},"end":{"line":69,"column":null}},"20":{"start":{"line":70,"column":8},"end":{"line":74,"column":null}},"21":{"start":{"line":80,"column":4},"end":{"line":99,"column":null}},"22":{"start":{"line":81,"column":23},"end":{"line":81,"column":null}},"23":{"start":{"line":82,"column":21},"end":{"line":82,"column":null}},"24":{"start":{"line":83,"column":32},"end":{"line":83,"column":null}},"25":{"start":{"line":84,"column":27},"end":{"line":90,"column":null}},"26":{"start":{"line":91,"column":8},"end":{"line":94,"column":null}},"27":{"start":{"line":96,"column":8},"end":{"line":98,"column":null}},"28":{"start":{"line":103,"column":4},"end":{"line":118,"column":null}},"29":{"start":{"line":104,"column":23},"end":{"line":104,"column":null}},"30":{"start":{"line":105,"column":29},"end":{"line":107,"column":null}},"31":{"start":{"line":109,"column":8},"end":{"line":112,"column":null}},"32":{"start":{"line":114,"column":8},"end":{"line":117,"column":null}}},"fnMap":{"0":{"name":"getTags","decl":{"start":{"line":4,"column":22},"end":{"line":4,"column":30}},"loc":{"start":{"line":4,"column":59},"end":{"line":43,"column":null}},"line":4},"1":{"name":"createTag","decl":{"start":{"line":45,"column":22},"end":{"line":45,"column":32}},"loc":{"start":{"line":45,"column":61},"end":{"line":77,"column":null}},"line":45},"2":{"name":"updateTag","decl":{"start":{"line":79,"column":22},"end":{"line":79,"column":32}},"loc":{"start":{"line":79,"column":61},"end":{"line":100,"column":null}},"line":79},"3":{"name":"deleteTag","decl":{"start":{"line":102,"column":22},"end":{"line":102,"column":32}},"loc":{"start":{"line":102,"column":61},"end":{"line":119,"column":null}},"line":102}},"branchMap":{"0":{"loc":{"start":{"line":6,"column":21},"end":{"line":6,"column":null}},"type":"binary-expr","locations":[{"start":{"line":6,"column":21},"end":{"line":6,"column":49}},{"start":{"line":6,"column":49},"end":{"line":6,"column":null}}],"line":6},"1":{"loc":{"start":{"line":7,"column":22},"end":{"line":7,"column":null}},"type":"binary-expr","locations":[{"start":{"line":7,"column":22},"end":{"line":7,"column":51}},{"start":{"line":7,"column":51},"end":{"line":7,"column":null}}],"line":7},"2":{"loc":{"start":{"line":10,"column":8},"end":{"line":12,"column":null}},"type":"if","locations":[{"start":{"line":10,"column":8},"end":{"line":12,"column":null}},{"start":{},"end":{}}],"line":10},"3":{"loc":{"start":{"line":52,"column":8},"end":{"line":54,"column":null}},"type":"if","locations":[{"start":{"line":52,"column":8},"end":{"line":54,"column":null}},{"start":{},"end":{}}],"line":52}},"s":{"0":0,"1":0,"2":0,"3":0,"4":0,"5":0,"6":0,"7":0,"8":0,"9":0,"10":0,"11":0,"12":0,"13":0,"14":0,"15":0,"16":0,"17":0,"18":0,"19":0,"20":0,"21":0,"22":0,"23":0,"24":0,"25":0,"26":0,"27":0,"28":0,"29":0,"30":0,"31":0,"32":0},"f":{"0":0,"1":0,"2":0,"3":0},"b":{"0":[0,0],"1":[0,0],"2":[0,0],"3":[0,0]},"meta":{"lastBranch":4,"lastFunction":4,"lastStatement":33,"seen":{"f:4:22:4:30":0,"s:5:4:42:Infinity":0,"s:6:21:6:Infinity":1,"b:6:21:6:49:6:49:6:Infinity":0,"s:7:22:7:Infinity":2,"b:7:22:7:51:7:51:7:Infinity":1,"s:8:23:8:Infinity":3,"s:9:26:9:Infinity":4,"b:10:8:12:Infinity:undefined:undefined:undefined:undefined":2,"s:10:8:12:Infinity":5,"s:11:12:11:Infinity":6,"s:13:14:13:Infinity":7,"s:14:21:26:Infinity":8,"s:29:8:36:Infinity":9,"s:38:8:41:Infinity":10,"f:45:22:45:32":1,"s:46:4:75:Infinity":11,"s:47:23:47:Infinity":12,"s:48:32:48:Infinity":13,"s:49:28:51:Infinity":14,"b:52:8:54:Infinity:undefined:undefined:undefined:undefined":3,"s:52:8:54:Infinity":15,"s:53:12:53:Infinity":16,"s:55:23:61:Infinity":17,"s:63:8:67:Infinity":18,"s:69:8:69:Infinity":19,"s:70:8:74:Infinity":20,"f:79:22:79:32":2,"s:80:4:99:Infinity":21,"s:81:23:81:Infinity":22,"s:82:21:82:Infinity":23,"s:83:32:83:Infinity":24,"s:84:27:90:Infinity":25,"s:91:8:94:Infinity":26,"s:96:8:98:Infinity":27,"f:102:22:102:32":3,"s:103:4:118:Infinity":28,"s:104:23:104:Infinity":29,"s:105:29:107:Infinity":30,"s:109:8:112:Infinity":31,"s:114:8:117:Infinity":32}}}
,"/home/logic/habit_tracker/rest_api/src/middlewares/authenticate.ts": {"path":"/home/logic/habit_tracker/rest_api/src/middlewares/authenticate.ts","statementMap":{"0":{"start":{"line":5,"column":33},"end":{"line":37,"column":null}},"1":{"start":{"line":6,"column":4},"end":{"line":36,"column":null}},"2":{"start":{"line":7,"column":27},"end":{"line":7,"column":null}},"3":{"start":{"line":8,"column":22},"end":{"line":8,"column":null}},"4":{"start":{"line":10,"column":8},"end":{"line":12,"column":null}},"5":{"start":{"line":11,"column":12},"end":{"line":11,"column":null}},"6":{"start":{"line":13,"column":28},"end":{"line":13,"column":null}},"7":{"start":{"line":14,"column":8},"end":{"line":16,"column":null}},"8":{"start":{"line":15,"column":12},"end":{"line":15,"column":null}},"9":{"start":{"line":17,"column":40},"end":{"line":17,"column":null}},"10":{"start":{"line":19,"column":8},"end":{"line":21,"column":null}},"11":{"start":{"line":20,"column":12},"end":{"line":20,"column":null}},"12":{"start":{"line":22,"column":8},"end":{"line":26,"column":null}},"13":{"start":{"line":29,"column":8},"end":{"line":29,"column":null}},"14":{"start":{"line":31,"column":8},"end":{"line":31,"column":null}},"15":{"start":{"line":32,"column":8},"end":{"line":35,"column":null}}},"fnMap":{"0":{"name":"(anonymous_0)","decl":{"start":{"line":5,"column":33},"end":{"line":5,"column":40}},"loc":{"start":{"line":5,"column":92},"end":{"line":37,"column":null}},"line":5}},"branchMap":{"0":{"loc":{"start":{"line":8,"column":22},"end":{"line":8,"column":null}},"type":"binary-expr","locations":[{"start":{"line":8,"column":22},"end":{"line":8,"column":36}},{"start":{"line":8,"column":36},"end":{"line":8,"column":null}}],"line":8},"1":{"loc":{"start":{"line":10,"column":8},"end":{"line":12,"column":null}},"type":"if","locations":[{"start":{"line":10,"column":8},"end":{"line":12,"column":null}},{"start":{},"end":{}}],"line":10},"2":{"loc":{"start":{"line":13,"column":28},"end":{"line":13,"column":null}},"type":"binary-expr","locations":[{"start":{"line":13,"column":28},"end":{"line":13,"column":56}},{"start":{"line":13,"column":56},"end":{"line":13,"column":null}}],"line":13},"3":{"loc":{"start":{"line":14,"column":8},"end":{"line":16,"column":null}},"type":"if","locations":[{"start":{"line":14,"column":8},"end":{"line":16,"column":null}},{"start":{},"end":{}}],"line":14},"4":{"loc":{"start":{"line":14,"column":12},"end":{"line":14,"column":36}},"type":"binary-expr","locations":[{"start":{"line":14,"column":12},"end":{"line":14,"column":23}},{"start":{"line":14,"column":23},"end":{"line":14,"column":36}}],"line":14},"5":{"loc":{"start":{"line":19,"column":8},"end":{"line":21,"column":null}},"type":"if","locations":[{"start":{"line":19,"column":8},"end":{"line":21,"column":null}},{"start":{},"end":{}}],"line":19},"6":{"loc":{"start":{"line":19,"column":12},"end":{"line":19,"column":30}},"type":"binary-expr","locations":[{"start":{"line":19,"column":12},"end":{"line":19,"column":19}},{"start":{"line":19,"column":19},"end":{"line":19,"column":30}}],"line":19}},"s":{"0":1,"1":9,"2":9,"3":9,"4":9,"5":4,"6":5,"7":9,"8":0,"9":5,"10":5,"11":0,"12":5,"13":5,"14":0,"15":0},"f":{"0":9},"b":{"0":[9,5],"1":[4,5],"2":[5,0],"3":[0,9],"4":[9,5],"5":[0,5],"6":[5,5]},"meta":{"lastBranch":7,"lastFunction":1,"lastStatement":16,"seen":{"s:5:33:37:Infinity":0,"f:5:33:5:40":0,"s:6:4:36:Infinity":1,"s:7:27:7:Infinity":2,"s:8:22:8:Infinity":3,"b:8:22:8:36:8:36:8:Infinity":0,"b:10:8:12:Infinity:undefined:undefined:undefined:undefined":1,"s:10:8:12:Infinity":4,"s:11:12:11:Infinity":5,"s:13:28:13:Infinity":6,"b:13:28:13:56:13:56:13:Infinity":2,"b:14:8:16:Infinity:undefined:undefined:undefined:undefined":3,"s:14:8:16:Infinity":7,"b:14:12:14:23:14:23:14:36":4,"s:15:12:15:Infinity":8,"s:17:40:17:Infinity":9,"b:19:8:21:Infinity:undefined:undefined:undefined:undefined":5,"s:19:8:21:Infinity":10,"b:19:12:19:19:19:19:19:30":6,"s:20:12:20:Infinity":11,"s:22:8:26:Infinity":12,"s:29:8:29:Infinity":13,"s:31:8:31:Infinity":14,"s:32:8:35:Infinity":15}}}
,"/home/logic/habit_tracker/rest_api/src/middlewares/errorHandler.ts": {"path":"/home/logic/habit_tracker/rest_api/src/middlewares/errorHandler.ts","statementMap":{"0":{"start":{"line":10,"column":8},"end":{"line":10,"column":null}},"1":{"start":{"line":11,"column":8},"end":{"line":11,"column":null}},"2":{"start":{"line":12,"column":8},"end":{"line":12,"column":null}},"3":{"start":{"line":13,"column":8},"end":{"line":13,"column":null}},"4":{"start":{"line":18,"column":15},"end":{"line":18,"column":null}},"5":{"start":{"line":19,"column":17},"end":{"line":19,"column":null}},"6":{"start":{"line":20,"column":17},"end":{"line":20,"column":null}},"7":{"start":{"line":22,"column":4},"end":{"line":26,"column":null}},"8":{"start":{"line":23,"column":8},"end":{"line":23,"column":null}},"9":{"start":{"line":24,"column":8},"end":{"line":24,"column":null}},"10":{"start":{"line":28,"column":4},"end":{"line":36,"column":null}},"11":{"start":{"line":41,"column":18},"end":{"line":41,"column":null}},"12":{"start":{"line":42,"column":4},"end":{"line":42,"column":null}},"13":{"start":{"line":43,"column":4},"end":{"line":43,"column":null}}},"fnMap":{"0":{"name":"(anonymous_0)","decl":{"start":{"line":9,"column":4},"end":{"line":9,"column":16}},"loc":{"start":{"line":9,"column":63},"end":{"line":14,"column":null}},"line":9},"1":{"name":"errorHandler","decl":{"start":{"line":17,"column":22},"end":{"line":17,"column":35}},"loc":{"start":{"line":17,"column":101},"end":{"line":37,"column":null}},"line":17},"2":{"name":"notFoundError","decl":{"start":{"line":40,"column":22},"end":{"line":40,"column":36}},"loc":{"start":{"line":40,"column":97},"end":{"line":44,"column":null}},"line":40}},"branchMap":{"0":{"loc":{"start":{"line":18,"column":15},"end":{"line":18,"column":null}},"type":"binary-expr","locations":[{"start":{"line":18,"column":15},"end":{"line":18,"column":29}},{"start":{"line":18,"column":29},"end":{"line":18,"column":null}}],"line":18},"1":{"loc":{"start":{"line":19,"column":17},"end":{"line":19,"column":null}},"type":"binary-expr","locations":[{"start":{"line":19,"column":17},"end":{"line":19,"column":34}},{"start":{"line":19,"column":34},"end":{"line":19,"column":null}}],"line":19},"2":{"loc":{"start":{"line":20,"column":17},"end":{"line":20,"column":null}},"type":"binary-expr","locations":[{"start":{"line":20,"column":17},"end":{"line":20,"column":33}},{"start":{"line":20,"column":33},"end":{"line":20,"column":null}}],"line":20},"3":{"loc":{"start":{"line":22,"column":4},"end":{"line":26,"column":null}},"type":"if","locations":[{"start":{"line":22,"column":4},"end":{"line":26,"column":null}},{"start":{},"end":{}}],"line":22},"4":{"loc":{"start":{"line":32,"column":20},"end":{"line":32,"column":null}},"type":"cond-expr","locations":[{"start":{"line":32,"column":47},"end":{"line":32,"column":61}},{"start":{"line":32,"column":61},"end":{"line":32,"column":null}}],"line":32},"5":{"loc":{"start":{"line":33,"column":22},"end":{"line":33,"column":null}},"type":"cond-expr","locations":[{"start":{"line":33,"column":46},"end":{"line":33,"column":61}},{"start":{"line":33,"column":61},"end":{"line":33,"column":null}}],"line":33}},"s":{"0":0,"1":0,"2":0,"3":0,"4":0,"5":0,"6":0,"7":0,"8":0,"9":0,"10":0,"11":0,"12":0,"13":0},"f":{"0":0,"1":0,"2":0},"b":{"0":[0,0],"1":[0,0],"2":[0,0],"3":[0,0],"4":[0,0],"5":[0,0]},"meta":{"lastBranch":6,"lastFunction":3,"lastStatement":14,"seen":{"f:9:4:9:16":0,"s:10:8:10:Infinity":0,"s:11:8:11:Infinity":1,"s:12:8:12:Infinity":2,"s:13:8:13:Infinity":3,"f:17:22:17:35":1,"s:18:15:18:Infinity":4,"b:18:15:18:29:18:29:18:Infinity":0,"s:19:17:19:Infinity":5,"b:19:17:19:34:19:34:19:Infinity":1,"s:20:17:20:Infinity":6,"b:20:17:20:33:20:33:20:Infinity":2,"b:22:4:26:Infinity:undefined:undefined:undefined:undefined":3,"s:22:4:26:Infinity":7,"s:23:8:23:Infinity":8,"s:24:8:24:Infinity":9,"s:28:4:36:Infinity":10,"b:32:47:32:61:32:61:32:Infinity":4,"b:33:46:33:61:33:61:33:Infinity":5,"f:40:22:40:36":2,"s:41:18:41:Infinity":11,"s:42:4:42:Infinity":12,"s:43:4:43:Infinity":13}}}
,"/home/logic/habit_tracker/rest_api/src/middlewares/validateData.ts": {"path":"/home/logic/habit_tracker/rest_api/src/middlewares/validateData.ts","statementMap":{"0":{"start":{"line":5,"column":28},"end":{"line":26,"column":null}},"1":{"start":{"line":6,"column":2},"end":{"line":25,"column":null}},"2":{"start":{"line":7,"column":4},"end":{"line":24,"column":null}},"3":{"start":{"line":8,"column":28},"end":{"line":8,"column":null}},"4":{"start":{"line":9,"column":6},"end":{"line":9,"column":null}},"5":{"start":{"line":11,"column":6},"end":{"line":11,"column":null}},"6":{"start":{"line":13,"column":6},"end":{"line":21,"column":null}},"7":{"start":{"line":14,"column":8},"end":{"line":20,"column":null}},"8":{"start":{"line":16,"column":46},"end":{"line":19,"column":12}},"9":{"start":{"line":23,"column":6},"end":{"line":23,"column":null}},"10":{"start":{"line":29,"column":30},"end":{"line":50,"column":null}},"11":{"start":{"line":30,"column":2},"end":{"line":49,"column":null}},"12":{"start":{"line":31,"column":4},"end":{"line":48,"column":null}},"13":{"start":{"line":33,"column":6},"end":{"line":33,"column":null}},"14":{"start":{"line":35,"column":6},"end":{"line":35,"column":null}},"15":{"start":{"line":37,"column":6},"end":{"line":45,"column":null}},"16":{"start":{"line":38,"column":8},"end":{"line":44,"column":null}},"17":{"start":{"line":40,"column":40},"end":{"line":43,"column":12}},"18":{"start":{"line":47,"column":6},"end":{"line":47,"column":null}},"19":{"start":{"line":52,"column":29},"end":{"line":72,"column":null}},"20":{"start":{"line":53,"column":2},"end":{"line":71,"column":null}},"21":{"start":{"line":54,"column":4},"end":{"line":70,"column":null}},"22":{"start":{"line":55,"column":6},"end":{"line":55,"column":null}},"23":{"start":{"line":57,"column":6},"end":{"line":57,"column":null}},"24":{"start":{"line":59,"column":6},"end":{"line":67,"column":null}},"25":{"start":{"line":60,"column":8},"end":{"line":66,"column":null}},"26":{"start":{"line":62,"column":44},"end":{"line":65,"column":12}},"27":{"start":{"line":69,"column":6},"end":{"line":69,"column":null}}},"fnMap":{"0":{"name":"(anonymous_0)","decl":{"start":{"line":5,"column":28},"end":{"line":5,"column":29}},"loc":{"start":{"line":5,"column":49},"end":{"line":26,"column":null}},"line":5},"1":{"name":"(anonymous_1)","decl":{"start":{"line":6,"column":9},"end":{"line":6,"column":10}},"loc":{"start":{"line":6,"column":62},"end":{"line":25,"column":null}},"line":6},"2":{"name":"(anonymous_2)","decl":{"start":{"line":16,"column":36},"end":{"line":16,"column":37}},"loc":{"start":{"line":16,"column":46},"end":{"line":19,"column":12}},"line":16},"3":{"name":"(anonymous_3)","decl":{"start":{"line":29,"column":30},"end":{"line":29,"column":31}},"loc":{"start":{"line":29,"column":51},"end":{"line":50,"column":null}},"line":29},"4":{"name":"(anonymous_4)","decl":{"start":{"line":30,"column":9},"end":{"line":30,"column":10}},"loc":{"start":{"line":30,"column":62},"end":{"line":49,"column":null}},"line":30},"5":{"name":"(anonymous_5)","decl":{"start":{"line":40,"column":34},"end":{"line":40,"column":40}},"loc":{"start":{"line":40,"column":40},"end":{"line":43,"column":12}},"line":40},"6":{"name":"(anonymous_6)","decl":{"start":{"line":52,"column":29},"end":{"line":52,"column":30}},"loc":{"start":{"line":52,"column":50},"end":{"line":72,"column":null}},"line":52},"7":{"name":"(anonymous_7)","decl":{"start":{"line":53,"column":9},"end":{"line":53,"column":10}},"loc":{"start":{"line":53,"column":62},"end":{"line":71,"column":null}},"line":53},"8":{"name":"(anonymous_8)","decl":{"start":{"line":62,"column":36},"end":{"line":62,"column":44}},"loc":{"start":{"line":62,"column":44},"end":{"line":65,"column":12}},"line":62}},"branchMap":{"0":{"loc":{"start":{"line":13,"column":6},"end":{"line":21,"column":null}},"type":"if","locations":[{"start":{"line":13,"column":6},"end":{"line":21,"column":null}},{"start":{},"end":{}}],"line":13},"1":{"loc":{"start":{"line":37,"column":6},"end":{"line":45,"column":null}},"type":"if","locations":[{"start":{"line":37,"column":6},"end":{"line":45,"column":null}},{"start":{},"end":{}}],"line":37},"2":{"loc":{"start":{"line":59,"column":6},"end":{"line":67,"column":null}},"type":"if","locations":[{"start":{"line":59,"column":6},"end":{"line":67,"column":null}},{"start":{},"end":{}}],"line":59}},"s":{"0":1,"1":6,"2":3,"3":3,"4":3,"5":3,"6":1,"7":1,"8":1,"9":0,"10":1,"11":4,"12":2,"13":2,"14":2,"15":0,"16":0,"17":0,"18":0,"19":1,"20":2,"21":1,"22":1,"23":1,"24":0,"25":0,"26":0,"27":0},"f":{"0":6,"1":3,"2":1,"3":4,"4":2,"5":0,"6":2,"7":1,"8":0},"b":{"0":[1,0],"1":[0,0],"2":[0,0]},"meta":{"lastBranch":3,"lastFunction":9,"lastStatement":28,"seen":{"s:5:28:26:Infinity":0,"f:5:28:5:29":0,"s:6:2:25:Infinity":1,"f:6:9:6:10":1,"s:7:4:24:Infinity":2,"s:8:28:8:Infinity":3,"s:9:6:9:Infinity":4,"s:11:6:11:Infinity":5,"b:13:6:21:Infinity:undefined:undefined:undefined:undefined":0,"s:13:6:21:Infinity":6,"s:14:8:20:Infinity":7,"f:16:36:16:37":2,"s:16:46:19:12":8,"s:23:6:23:Infinity":9,"s:29:30:50:Infinity":10,"f:29:30:29:31":3,"s:30:2:49:Infinity":11,"f:30:9:30:10":4,"s:31:4:48:Infinity":12,"s:33:6:33:Infinity":13,"s:35:6:35:Infinity":14,"b:37:6:45:Infinity:undefined:undefined:undefined:undefined":1,"s:37:6:45:Infinity":15,"s:38:8:44:Infinity":16,"f:40:34:40:40":5,"s:40:40:43:12":17,"s:47:6:47:Infinity":18,"s:52:29:72:Infinity":19,"f:52:29:52:30":6,"s:53:2:71:Infinity":20,"f:53:9:53:10":7,"s:54:4:70:Infinity":21,"s:55:6:55:Infinity":22,"s:57:6:57:Infinity":23,"b:59:6:67:Infinity:undefined:undefined:undefined:undefined":2,"s:59:6:67:Infinity":24,"s:60:8:66:Infinity":25,"f:62:36:62:44":8,"s:62:44:65:12":26,"s:69:6:69:Infinity":27}}}
,"/home/logic/habit_tracker/rest_api/src/routes/authRoutes.ts": {"path":"/home/logic/habit_tracker/rest_api/src/routes/authRoutes.ts","statementMap":{"0":{"start":{"line":6,"column":6},"end":{"line":6,"column":null}},"1":{"start":{"line":8,"column":0},"end":{"line":8,"column":null}},"2":{"start":{"line":9,"column":0},"end":{"line":9,"column":null}}},"fnMap":{},"branchMap":{},"s":{"0":1,"1":1,"2":1},"f":{},"b":{},"meta":{"lastBranch":0,"lastFunction":0,"lastStatement":3,"seen":{"s:6:6:6:Infinity":0,"s:8:0:8:Infinity":1,"s:9:0:9:Infinity":2}}}
,"/home/logic/habit_tracker/rest_api/src/routes/habitRoutes.ts": {"path":"/home/logic/habit_tracker/rest_api/src/routes/habitRoutes.ts","statementMap":{"0":{"start":{"line":7,"column":6},"end":{"line":7,"column":null}},"1":{"start":{"line":9,"column":0},"end":{"line":9,"column":null}},"2":{"start":{"line":11,"column":0},"end":{"line":11,"column":null}},"3":{"start":{"line":12,"column":0},"end":{"line":12,"column":null}},"4":{"start":{"line":13,"column":0},"end":{"line":13,"column":null}},"5":{"start":{"line":14,"column":0},"end":{"line":14,"column":null}}},"fnMap":{},"branchMap":{},"s":{"0":1,"1":1,"2":1,"3":1,"4":1,"5":1},"f":{},"b":{},"meta":{"lastBranch":0,"lastFunction":0,"lastStatement":6,"seen":{"s:7:6:7:Infinity":0,"s:9:0:9:Infinity":1,"s:11:0:11:Infinity":2,"s:12:0:12:Infinity":3,"s:13:0:13:Infinity":4,"s:14:0:14:Infinity":5}}}
,"/home/logic/habit_tracker/rest_api/src/routes/tagRoutes.ts": {"path":"/home/logic/habit_tracker/rest_api/src/routes/tagRoutes.ts","statementMap":{"0":{"start":{"line":7,"column":6},"end":{"line":7,"column":null}},"1":{"start":{"line":9,"column":0},"end":{"line":9,"column":null}},"2":{"start":{"line":11,"column":0},"end":{"line":11,"column":null}},"3":{"start":{"line":12,"column":0},"end":{"line":12,"column":null}},"4":{"start":{"line":13,"column":0},"end":{"line":13,"column":null}},"5":{"start":{"line":14,"column":0},"end":{"line":14,"column":null}}},"fnMap":{},"branchMap":{},"s":{"0":1,"1":1,"2":1,"3":1,"4":1,"5":1},"f":{},"b":{},"meta":{"lastBranch":0,"lastFunction":0,"lastStatement":6,"seen":{"s:7:6:7:Infinity":0,"s:9:0:9:Infinity":1,"s:11:0:11:Infinity":2,"s:12:0:12:Infinity":3,"s:13:0:13:Infinity":4,"s:14:0:14:Infinity":5}}}
,"/home/logic/habit_tracker/rest_api/src/schemas/zodSchemas.ts": {"path":"/home/logic/habit_tracker/rest_api/src/schemas/zodSchemas.ts","statementMap":{"0":{"start":{"line":7,"column":32},"end":{"line":14,"column":null}},"1":{"start":{"line":16,"column":27},"end":{"line":19,"column":null}},"2":{"start":{"line":23,"column":31},"end":{"line":26,"column":null}},"3":{"start":{"line":28,"column":31},"end":{"line":31,"column":null}},"4":{"start":{"line":34,"column":33},"end":{"line":41,"column":null}},"5":{"start":{"line":43,"column":33},"end":{"line":50,"column":null}},"6":{"start":{"line":53,"column":27},"end":{"line":55,"column":null}},"7":{"start":{"line":58,"column":27},"end":{"line":61,"column":null}}},"fnMap":{},"branchMap":{},"s":{"0":1,"1":1,"2":1,"3":1,"4":1,"5":1,"6":1,"7":1},"f":{},"b":{},"meta":{"lastBranch":0,"lastFunction":0,"lastStatement":8,"seen":{"s:7:32:14:Infinity":0,"s:16:27:19:Infinity":1,"s:23:31:26:Infinity":2,"s:28:31:31:Infinity":3,"s:34:33:41:Infinity":4,"s:43:33:50:Infinity":5,"s:53:27:55:Infinity":6,"s:58:27:61:Infinity":7}}}
,"/home/logic/habit_tracker/rest_api/src/utils/jwt.ts": {"path":"/home/logic/habit_tracker/rest_api/src/utils/jwt.ts","statementMap":{"0":{"start":{"line":12,"column":17},"end":{"line":12,"column":null}},"1":{"start":{"line":13,"column":8},"end":{"line":13,"column":null}},"2":{"start":{"line":14,"column":2},"end":{"line":18,"column":null}},"3":{"start":{"line":23,"column":2},"end":{"line":30,"column":null}},"4":{"start":{"line":24,"column":10},"end":{"line":24,"column":null}},"5":{"start":{"line":25,"column":20},"end":{"line":25,"column":null}},"6":{"start":{"line":27,"column":4},"end":{"line":27,"column":null}},"7":{"start":{"line":29,"column":4},"end":{"line":29,"column":null}}},"fnMap":{"0":{"name":"generateToken","decl":{"start":{"line":11,"column":16},"end":{"line":11,"column":30}},"loc":{"start":{"line":11,"column":52},"end":{"line":19,"column":null}},"line":11},"1":{"name":"verifyToken","decl":{"start":{"line":22,"column":22},"end":{"line":22,"column":34}},"loc":{"start":{"line":22,"column":70},"end":{"line":31,"column":null}},"line":22}},"branchMap":{"0":{"loc":{"start":{"line":17,"column":23},"end":{"line":17,"column":49}},"type":"binary-expr","locations":[{"start":{"line":17,"column":23},"end":{"line":17,"column":45}},{"start":{"line":17,"column":45},"end":{"line":17,"column":49}}],"line":17}},"s":{"0":9,"1":9,"2":9,"3":5,"4":5,"5":5,"6":5,"7":0},"f":{"0":9,"1":5},"b":{"0":[9,0]},"meta":{"lastBranch":1,"lastFunction":2,"lastStatement":8,"seen":{"f:11:16:11:30":0,"s:12:17:12:Infinity":0,"s:13:8:13:Infinity":1,"s:14:2:18:Infinity":2,"b:17:23:17:45:17:45:17:49":0,"f:22:22:22:34":1,"s:23:2:30:Infinity":3,"s:24:10:24:Infinity":4,"s:25:20:25:Infinity":5,"s:27:4:27:Infinity":6,"s:29:4:29:Infinity":7}}}
,"/home/logic/habit_tracker/rest_api/src/utils/passwords.ts": {"path":"/home/logic/habit_tracker/rest_api/src/utils/passwords.ts","statementMap":{"0":{"start":{"line":5,"column":4},"end":{"line":5,"column":null}},"1":{"start":{"line":10,"column":4},"end":{"line":10,"column":null}}},"fnMap":{"0":{"name":"hashPassword","decl":{"start":{"line":4,"column":22},"end":{"line":4,"column":35}},"loc":{"start":{"line":4,"column":52},"end":{"line":6,"column":null}},"line":4},"1":{"name":"verifyPassword","decl":{"start":{"line":9,"column":22},"end":{"line":9,"column":37}},"loc":{"start":{"line":9,"column":79},"end":{"line":11,"column":null}},"line":9}},"branchMap":{},"s":{"0":9,"1":0},"f":{"0":9,"1":0},"b":{},"meta":{"lastBranch":0,"lastFunction":2,"lastStatement":2,"seen":{"f:4:22:4:35":0,"s:5:4:5:Infinity":0,"f:9:22:9:37":1,"s:10:4:10:Infinity":1}}}
,"/home/logic/habit_tracker/rest_api/tests/helpers/testHelpers.ts": {"path":"/home/logic/habit_tracker/rest_api/tests/helpers/testHelpers.ts","statementMap":{"0":{"start":{"line":11,"column":2},"end":{"line":51,"column":null}},"1":{"start":{"line":12,"column":24},"end":{"line":20,"column":null}},"2":{"start":{"line":21,"column":18},"end":{"line":21,"column":null}},"3":{"start":{"line":23,"column":24},"end":{"line":23,"column":null}},"4":{"start":{"line":24,"column":27},"end":{"line":24,"column":null}},"5":{"start":{"line":25,"column":4},"end":{"line":27,"column":null}},"6":{"start":{"line":26,"column":6},"end":{"line":26,"column":null}},"7":{"start":{"line":29,"column":20},"end":{"line":34,"column":null}},"8":{"start":{"line":35,"column":4},"end":{"line":37,"column":null}},"9":{"start":{"line":36,"column":6},"end":{"line":36,"column":null}},"10":{"start":{"line":39,"column":18},"end":{"line":43,"column":null}},"11":{"start":{"line":44,"column":4},"end":{"line":46,"column":null}},"12":{"start":{"line":45,"column":6},"end":{"line":45,"column":null}},"13":{"start":{"line":48,"column":4},"end":{"line":48,"column":null}},"14":{"start":{"line":50,"column":4},"end":{"line":50,"column":null}},"15":{"start":{"line":55,"column":2},"end":{"line":69,"column":null}},"16":{"start":{"line":56,"column":17},"end":{"line":59,"column":null}},"17":{"start":{"line":60,"column":16},"end":{"line":65,"column":null}},"18":{"start":{"line":66,"column":4},"end":{"line":66,"column":null}},"19":{"start":{"line":68,"column":4},"end":{"line":68,"column":null}},"20":{"start":{"line":73,"column":2},"end":{"line":91,"column":null}},"21":{"start":{"line":75,"column":21},"end":{"line":79,"column":null}},"22":{"start":{"line":75,"column":62},"end":{"line":79,"column":6}},"23":{"start":{"line":82,"column":19},"end":{"line":85,"column":null}},"24":{"start":{"line":87,"column":4},"end":{"line":87,"column":null}},"25":{"start":{"line":89,"column":4},"end":{"line":89,"column":null}},"26":{"start":{"line":90,"column":4},"end":{"line":90,"column":null}},"27":{"start":{"line":95,"column":2},"end":{"line":114,"column":null}},"28":{"start":{"line":96,"column":23},"end":{"line":104,"column":null}},"29":{"start":{"line":105,"column":21},"end":{"line":109,"column":null}},"30":{"start":{"line":111,"column":4},"end":{"line":111,"column":null}},"31":{"start":{"line":113,"column":4},"end":{"line":113,"column":null}},"32":{"start":{"line":118,"column":2},"end":{"line":144,"column":null}},"33":{"start":{"line":121,"column":23},"end":{"line":129,"column":null}},"34":{"start":{"line":121,"column":65},"end":{"line":129,"column":6}},"35":{"start":{"line":132,"column":19},"end":{"line":135,"column":null}},"36":{"start":{"line":137,"column":4},"end":{"line":140,"column":null}},"37":{"start":{"line":142,"column":4},"end":{"line":142,"column":null}},"38":{"start":{"line":143,"column":4},"end":{"line":143,"column":null}},"39":{"start":{"line":149,"column":2},"end":{"line":159,"column":null}},"40":{"start":{"line":151,"column":4},"end":{"line":151,"column":null}},"41":{"start":{"line":152,"column":4},"end":{"line":152,"column":null}},"42":{"start":{"line":153,"column":4},"end":{"line":153,"column":null}},"43":{"start":{"line":154,"column":4},"end":{"line":154,"column":null}},"44":{"start":{"line":156,"column":4},"end":{"line":156,"column":null}},"45":{"start":{"line":158,"column":4},"end":{"line":158,"column":null}}},"fnMap":{"0":{"name":"createTestUser","decl":{"start":{"line":8,"column":22},"end":{"line":8,"column":null}},"loc":{"start":{"line":10,"column":2},"end":{"line":52,"column":null}},"line":10},"1":{"name":"createTestTag","decl":{"start":{"line":54,"column":22},"end":{"line":54,"column":36}},"loc":{"start":{"line":54,"column":52},"end":{"line":70,"column":null}},"line":54},"2":{"name":"createTestTagsBulk","decl":{"start":{"line":72,"column":22},"end":{"line":72,"column":41}},"loc":{"start":{"line":72,"column":77},"end":{"line":92,"column":null}},"line":72},"3":{"name":"(anonymous_3)","decl":{"start":{"line":75,"column":55},"end":{"line":75,"column":62}},"loc":{"start":{"line":75,"column":62},"end":{"line":79,"column":6}},"line":75},"4":{"name":"createTestHabit","decl":{"start":{"line":94,"column":22},"end":{"line":94,"column":38}},"loc":{"start":{"line":94,"column":69},"end":{"line":115,"column":null}},"line":94},"5":{"name":"createTestBulkHabit","decl":{"start":{"line":117,"column":22},"end":{"line":117,"column":42}},"loc":{"start":{"line":117,"column":76},"end":{"line":145,"column":null}},"line":117},"6":{"name":"(anonymous_6)","decl":{"start":{"line":121,"column":46},"end":{"line":121,"column":47}},"loc":{"start":{"line":121,"column":65},"end":{"line":129,"column":6}},"line":121},"7":{"name":"cleanupDB","decl":{"start":{"line":148,"column":22},"end":{"line":148,"column":34}},"loc":{"start":{"line":148,"column":34},"end":{"line":160,"column":null}},"line":148}},"branchMap":{"0":{"loc":{"start":{"line":9,"column":2},"end":{"line":9,"column":null}},"type":"default-arg","locations":[{"start":{"line":9,"column":47},"end":{"line":9,"column":null}}],"line":9},"1":{"loc":{"start":{"line":25,"column":4},"end":{"line":27,"column":null}},"type":"if","locations":[{"start":{"line":25,"column":4},"end":{"line":27,"column":null}},{"start":{},"end":{}}],"line":25},"2":{"loc":{"start":{"line":35,"column":4},"end":{"line":37,"column":null}},"type":"if","locations":[{"start":{"line":35,"column":4},"end":{"line":37,"column":null}},{"start":{},"end":{}}],"line":35},"3":{"loc":{"start":{"line":44,"column":4},"end":{"line":46,"column":null}},"type":"if","locations":[{"start":{"line":44,"column":4},"end":{"line":46,"column":null}},{"start":{},"end":{}}],"line":44},"4":{"loc":{"start":{"line":72,"column":57},"end":{"line":72,"column":77}},"type":"default-arg","locations":[{"start":{"line":72,"column":73},"end":{"line":72,"column":77}}],"line":72}},"s":{"0":9,"1":9,"2":9,"3":9,"4":9,"5":9,"6":0,"7":9,"8":9,"9":0,"10":9,"11":9,"12":0,"13":9,"14":0,"15":23,"16":23,"17":23,"18":23,"19":0,"20":0,"21":0,"22":0,"23":0,"24":0,"25":0,"26":0,"27":4,"28":4,"29":4,"30":4,"31":0,"32":2,"33":2,"34":10,"35":2,"36":2,"37":0,"38":0,"39":9,"40":9,"41":9,"42":9,"43":9,"44":9,"45":0},"f":{"0":9,"1":23,"2":0,"3":0,"4":4,"5":2,"6":10,"7":9},"b":{"0":[9],"1":[0,9],"2":[0,9],"3":[0,9],"4":[0]},"meta":{"lastBranch":5,"lastFunction":8,"lastStatement":46,"seen":{"f:8:22:8:Infinity":0,"b:9:47:9:Infinity":0,"s:11:2:51:Infinity":0,"s:12:24:20:Infinity":1,"s:21:18:21:Infinity":2,"s:23:24:23:Infinity":3,"s:24:27:24:Infinity":4,"b:25:4:27:Infinity:undefined:undefined:undefined:undefined":1,"s:25:4:27:Infinity":5,"s:26:6:26:Infinity":6,"s:29:20:34:Infinity":7,"b:35:4:37:Infinity:undefined:undefined:undefined:undefined":2,"s:35:4:37:Infinity":8,"s:36:6:36:Infinity":9,"s:39:18:43:Infinity":10,"b:44:4:46:Infinity:undefined:undefined:undefined:undefined":3,"s:44:4:46:Infinity":11,"s:45:6:45:Infinity":12,"s:48:4:48:Infinity":13,"s:50:4:50:Infinity":14,"f:54:22:54:36":1,"s:55:2:69:Infinity":15,"s:56:17:59:Infinity":16,"s:60:16:65:Infinity":17,"s:66:4:66:Infinity":18,"s:68:4:68:Infinity":19,"f:72:22:72:41":2,"b:72:73:72:77":4,"s:73:2:91:Infinity":20,"s:75:21:79:Infinity":21,"f:75:55:75:62":3,"s:75:62:79:6":22,"s:82:19:85:Infinity":23,"s:87:4:87:Infinity":24,"s:89:4:89:Infinity":25,"s:90:4:90:Infinity":26,"f:94:22:94:38":4,"s:95:2:114:Infinity":27,"s:96:23:104:Infinity":28,"s:105:21:109:Infinity":29,"s:111:4:111:Infinity":30,"s:113:4:113:Infinity":31,"f:117:22:117:42":5,"s:118:2:144:Infinity":32,"s:121:23:129:Infinity":33,"f:121:46:121:47":6,"s:121:65:129:6":34,"s:132:19:135:Infinity":35,"s:137:4:140:Infinity":36,"s:142:4:142:Infinity":37,"s:143:4:143:Infinity":38,"f:148:22:148:34":7,"s:149:2:159:Infinity":39,"s:151:4:151:Infinity":40,"s:152:4:152:Infinity":41,"s:153:4:153:Infinity":42,"s:154:4:154:Infinity":43,"s:156:4:156:Infinity":44,"s:158:4:158:Infinity":45}}}
}
